2023-01-27 23:14:20,756 INFO 
                        Date and time: 2023-01-27 23.14
                        Method: https://api.vk.com/method/users.get
                        Status_code: 200
                        Params: {'user_id': 623199352, 'fields': 'sex,city,bdate,interests,books,movies,music', 'access_token': 'vk1.a.tcXKsRbnqpD911HXInKOED4pegjfX23-6KHi4Qj7UcID8nR48UoKtn4zwf99yIjPod1LCgRSIV5NVP5bsu_lm1izAB0qfQ4tpeeMALpmWaIW-Wd57I9tTJccZPjzAivJ2ARIDl4tF1SS_vK4nnRqNvJoqrA537BsvFPbkx4XioqCrJZREOTd1Enc7jUrM725', 'v': '5.131'}
                        
2023-01-27 23:14:20,995 INFO 
                        Date and time: 2023-01-27 23.14
                        Method: https://api.vk.com/method/users.get
                        Status_code: 200
                        Params: {'user_id': 623199352, 'fields': 'sex,city,bdate,interests,books,movies,music', 'access_token': 'vk1.a.tcXKsRbnqpD911HXInKOED4pegjfX23-6KHi4Qj7UcID8nR48UoKtn4zwf99yIjPod1LCgRSIV5NVP5bsu_lm1izAB0qfQ4tpeeMALpmWaIW-Wd57I9tTJccZPjzAivJ2ARIDl4tF1SS_vK4nnRqNvJoqrA537BsvFPbkx4XioqCrJZREOTd1Enc7jUrM725', 'v': '5.131'}
                        
2023-01-27 23:14:21,266 INFO 
                        Date and time: 2023-01-27 23.14
                        Method: https://api.vk.com/method/users.search
                        Status_code: 200
                        Params: {'count': 15, 'fields': 'city,bdate,sex,,interests,books,movies,music', 'city': 1, 'sex': 1, 'age_from': 22, 'age_to': 32, 'status': '1', 'access_token': 'vk1.a.tcXKsRbnqpD911HXInKOED4pegjfX23-6KHi4Qj7UcID8nR48UoKtn4zwf99yIjPod1LCgRSIV5NVP5bsu_lm1izAB0qfQ4tpeeMALpmWaIW-Wd57I9tTJccZPjzAivJ2ARIDl4tF1SS_vK4nnRqNvJoqrA537BsvFPbkx4XioqCrJZREOTd1Enc7jUrM725', 'v': '5.131'}
                        
2023-01-27 23:14:21,573 INFO 
                        Date and time: 2023-01-27 23.14
                        Method: https://api.vk.com/method/users.search
                        Status_code: 200
                        Params: {'count': 15, 'fields': 'city,bdate,sex,,interests,books,movies,music', 'city': 1, 'sex': 1, 'age_from': 22, 'age_to': 32, 'status': '6', 'access_token': 'vk1.a.tcXKsRbnqpD911HXInKOED4pegjfX23-6KHi4Qj7UcID8nR48UoKtn4zwf99yIjPod1LCgRSIV5NVP5bsu_lm1izAB0qfQ4tpeeMALpmWaIW-Wd57I9tTJccZPjzAivJ2ARIDl4tF1SS_vK4nnRqNvJoqrA537BsvFPbkx4XioqCrJZREOTd1Enc7jUrM725', 'v': '5.131'}
                        
2023-01-27 23:14:21,866 INFO 
                        Date and time: 2023-01-27 23.14
                        Method: https://api.vk.com/method/photos.get
                        Status_code: 200
                        Params: {'owner_id': 578902890, 'album_id': 'profile', 'extended': 1, 'count': 15, 'access_token': 'vk1.a.tcXKsRbnqpD911HXInKOED4pegjfX23-6KHi4Qj7UcID8nR48UoKtn4zwf99yIjPod1LCgRSIV5NVP5bsu_lm1izAB0qfQ4tpeeMALpmWaIW-Wd57I9tTJccZPjzAivJ2ARIDl4tF1SS_vK4nnRqNvJoqrA537BsvFPbkx4XioqCrJZREOTd1Enc7jUrM725', 'v': '5.131'}
                        
2023-01-27 23:14:22,306 INFO 
                        Date and time: 2023-01-27 23.14
                        Method: https://api.vk.com/method/photos.get
                        Status_code: 200
                        Params: {'owner_id': 578904563, 'album_id': 'profile', 'extended': 1, 'count': 15, 'access_token': 'vk1.a.tcXKsRbnqpD911HXInKOED4pegjfX23-6KHi4Qj7UcID8nR48UoKtn4zwf99yIjPod1LCgRSIV5NVP5bsu_lm1izAB0qfQ4tpeeMALpmWaIW-Wd57I9tTJccZPjzAivJ2ARIDl4tF1SS_vK4nnRqNvJoqrA537BsvFPbkx4XioqCrJZREOTd1Enc7jUrM725', 'v': '5.131'}
                        
2023-01-27 23:14:22,805 INFO 
                        Date and time: 2023-01-27 23.14
                        Method: https://api.vk.com/method/photos.get
                        Status_code: 200
                        Params: {'owner_id': 375074060, 'album_id': 'profile', 'extended': 1, 'count': 15, 'access_token': 'vk1.a.tcXKsRbnqpD911HXInKOED4pegjfX23-6KHi4Qj7UcID8nR48UoKtn4zwf99yIjPod1LCgRSIV5NVP5bsu_lm1izAB0qfQ4tpeeMALpmWaIW-Wd57I9tTJccZPjzAivJ2ARIDl4tF1SS_vK4nnRqNvJoqrA537BsvFPbkx4XioqCrJZREOTd1Enc7jUrM725', 'v': '5.131'}
                        
2023-01-27 23:14:23,269 INFO 
                        Date and time: 2023-01-27 23.14
                        Method: https://api.vk.com/method/photos.get
                        Status_code: 200
                        Params: {'owner_id': 706263220, 'album_id': 'profile', 'extended': 1, 'count': 15, 'access_token': 'vk1.a.tcXKsRbnqpD911HXInKOED4pegjfX23-6KHi4Qj7UcID8nR48UoKtn4zwf99yIjPod1LCgRSIV5NVP5bsu_lm1izAB0qfQ4tpeeMALpmWaIW-Wd57I9tTJccZPjzAivJ2ARIDl4tF1SS_vK4nnRqNvJoqrA537BsvFPbkx4XioqCrJZREOTd1Enc7jUrM725', 'v': '5.131'}
                        
2023-01-27 23:14:23,730 INFO 
                        Date and time: 2023-01-27 23.14
                        Method: https://api.vk.com/method/photos.get
                        Status_code: 200
                        Params: {'owner_id': 569939780, 'album_id': 'profile', 'extended': 1, 'count': 15, 'access_token': 'vk1.a.tcXKsRbnqpD911HXInKOED4pegjfX23-6KHi4Qj7UcID8nR48UoKtn4zwf99yIjPod1LCgRSIV5NVP5bsu_lm1izAB0qfQ4tpeeMALpmWaIW-Wd57I9tTJccZPjzAivJ2ARIDl4tF1SS_vK4nnRqNvJoqrA537BsvFPbkx4XioqCrJZREOTd1Enc7jUrM725', 'v': '5.131'}
                        
2023-01-27 23:14:24,211 INFO 
                        Date and time: 2023-01-27 23.14
                        Method: https://api.vk.com/method/photos.get
                        Status_code: 200
                        Params: {'owner_id': 569937189, 'album_id': 'profile', 'extended': 1, 'count': 15, 'access_token': 'vk1.a.tcXKsRbnqpD911HXInKOED4pegjfX23-6KHi4Qj7UcID8nR48UoKtn4zwf99yIjPod1LCgRSIV5NVP5bsu_lm1izAB0qfQ4tpeeMALpmWaIW-Wd57I9tTJccZPjzAivJ2ARIDl4tF1SS_vK4nnRqNvJoqrA537BsvFPbkx4XioqCrJZREOTd1Enc7jUrM725', 'v': '5.131'}
                        
2023-01-27 23:14:24,686 INFO 
                        Date and time: 2023-01-27 23.14
                        Method: https://api.vk.com/method/photos.get
                        Status_code: 200
                        Params: {'owner_id': 281481989, 'album_id': 'profile', 'extended': 1, 'count': 15, 'access_token': 'vk1.a.tcXKsRbnqpD911HXInKOED4pegjfX23-6KHi4Qj7UcID8nR48UoKtn4zwf99yIjPod1LCgRSIV5NVP5bsu_lm1izAB0qfQ4tpeeMALpmWaIW-Wd57I9tTJccZPjzAivJ2ARIDl4tF1SS_vK4nnRqNvJoqrA537BsvFPbkx4XioqCrJZREOTd1Enc7jUrM725', 'v': '5.131'}
                        
2023-01-27 23:14:25,157 INFO 
                        Date and time: 2023-01-27 23.14
                        Method: https://api.vk.com/method/photos.get
                        Status_code: 200
                        Params: {'owner_id': 487067556, 'album_id': 'profile', 'extended': 1, 'count': 15, 'access_token': 'vk1.a.tcXKsRbnqpD911HXInKOED4pegjfX23-6KHi4Qj7UcID8nR48UoKtn4zwf99yIjPod1LCgRSIV5NVP5bsu_lm1izAB0qfQ4tpeeMALpmWaIW-Wd57I9tTJccZPjzAivJ2ARIDl4tF1SS_vK4nnRqNvJoqrA537BsvFPbkx4XioqCrJZREOTd1Enc7jUrM725', 'v': '5.131'}
                        
2023-01-27 23:14:25,748 INFO 
                        Date and time: 2023-01-27 23.14
                        Method: https://api.vk.com/method/photos.get
                        Status_code: 200
                        Params: {'owner_id': 706284008, 'album_id': 'profile', 'extended': 1, 'count': 15, 'access_token': 'vk1.a.tcXKsRbnqpD911HXInKOED4pegjfX23-6KHi4Qj7UcID8nR48UoKtn4zwf99yIjPod1LCgRSIV5NVP5bsu_lm1izAB0qfQ4tpeeMALpmWaIW-Wd57I9tTJccZPjzAivJ2ARIDl4tF1SS_vK4nnRqNvJoqrA537BsvFPbkx4XioqCrJZREOTd1Enc7jUrM725', 'v': '5.131'}
                        
2023-01-27 23:14:26,214 INFO 
                        Date and time: 2023-01-27 23.14
                        Method: https://api.vk.com/method/photos.get
                        Status_code: 200
                        Params: {'owner_id': 671184487, 'album_id': 'profile', 'extended': 1, 'count': 15, 'access_token': 'vk1.a.tcXKsRbnqpD911HXInKOED4pegjfX23-6KHi4Qj7UcID8nR48UoKtn4zwf99yIjPod1LCgRSIV5NVP5bsu_lm1izAB0qfQ4tpeeMALpmWaIW-Wd57I9tTJccZPjzAivJ2ARIDl4tF1SS_vK4nnRqNvJoqrA537BsvFPbkx4XioqCrJZREOTd1Enc7jUrM725', 'v': '5.131'}
                        
2023-01-27 23:14:26,650 INFO 
                        Date and time: 2023-01-27 23.14
                        Method: https://api.vk.com/method/photos.get
                        Status_code: 200
                        Params: {'owner_id': 339473875, 'album_id': 'profile', 'extended': 1, 'count': 15, 'access_token': 'vk1.a.tcXKsRbnqpD911HXInKOED4pegjfX23-6KHi4Qj7UcID8nR48UoKtn4zwf99yIjPod1LCgRSIV5NVP5bsu_lm1izAB0qfQ4tpeeMALpmWaIW-Wd57I9tTJccZPjzAivJ2ARIDl4tF1SS_vK4nnRqNvJoqrA537BsvFPbkx4XioqCrJZREOTd1Enc7jUrM725', 'v': '5.131'}
                        
2023-01-27 23:14:27,097 INFO 
                        Date and time: 2023-01-27 23.14
                        Method: https://api.vk.com/method/photos.get
                        Status_code: 200
                        Params: {'owner_id': 434136825, 'album_id': 'profile', 'extended': 1, 'count': 15, 'access_token': 'vk1.a.tcXKsRbnqpD911HXInKOED4pegjfX23-6KHi4Qj7UcID8nR48UoKtn4zwf99yIjPod1LCgRSIV5NVP5bsu_lm1izAB0qfQ4tpeeMALpmWaIW-Wd57I9tTJccZPjzAivJ2ARIDl4tF1SS_vK4nnRqNvJoqrA537BsvFPbkx4XioqCrJZREOTd1Enc7jUrM725', 'v': '5.131'}
                        
2023-01-27 23:14:27,583 INFO 
                        Date and time: 2023-01-27 23.14
                        Method: https://api.vk.com/method/photos.get
                        Status_code: 200
                        Params: {'owner_id': 340257459, 'album_id': 'profile', 'extended': 1, 'count': 15, 'access_token': 'vk1.a.tcXKsRbnqpD911HXInKOED4pegjfX23-6KHi4Qj7UcID8nR48UoKtn4zwf99yIjPod1LCgRSIV5NVP5bsu_lm1izAB0qfQ4tpeeMALpmWaIW-Wd57I9tTJccZPjzAivJ2ARIDl4tF1SS_vK4nnRqNvJoqrA537BsvFPbkx4XioqCrJZREOTd1Enc7jUrM725', 'v': '5.131'}
                        
2023-01-27 23:14:28,070 INFO 
                        Date and time: 2023-01-27 23.14
                        Method: https://api.vk.com/method/photos.get
                        Status_code: 200
                        Params: {'owner_id': 341905578, 'album_id': 'profile', 'extended': 1, 'count': 15, 'access_token': 'vk1.a.tcXKsRbnqpD911HXInKOED4pegjfX23-6KHi4Qj7UcID8nR48UoKtn4zwf99yIjPod1LCgRSIV5NVP5bsu_lm1izAB0qfQ4tpeeMALpmWaIW-Wd57I9tTJccZPjzAivJ2ARIDl4tF1SS_vK4nnRqNvJoqrA537BsvFPbkx4XioqCrJZREOTd1Enc7jUrM725', 'v': '5.131'}
                        
2023-01-27 23:14:28,534 INFO 
                        Date and time: 2023-01-27 23.14
                        Method: https://api.vk.com/method/photos.get
                        Status_code: 200
                        Params: {'owner_id': 648328126, 'album_id': 'profile', 'extended': 1, 'count': 15, 'access_token': 'vk1.a.tcXKsRbnqpD911HXInKOED4pegjfX23-6KHi4Qj7UcID8nR48UoKtn4zwf99yIjPod1LCgRSIV5NVP5bsu_lm1izAB0qfQ4tpeeMALpmWaIW-Wd57I9tTJccZPjzAivJ2ARIDl4tF1SS_vK4nnRqNvJoqrA537BsvFPbkx4XioqCrJZREOTd1Enc7jUrM725', 'v': '5.131'}
                        
2023-01-27 23:14:29,036 INFO 
                        Date and time: 2023-01-27 23.14
                        Method: https://api.vk.com/method/photos.get
                        Status_code: 200
                        Params: {'owner_id': 694200998, 'album_id': 'profile', 'extended': 1, 'count': 15, 'access_token': 'vk1.a.tcXKsRbnqpD911HXInKOED4pegjfX23-6KHi4Qj7UcID8nR48UoKtn4zwf99yIjPod1LCgRSIV5NVP5bsu_lm1izAB0qfQ4tpeeMALpmWaIW-Wd57I9tTJccZPjzAivJ2ARIDl4tF1SS_vK4nnRqNvJoqrA537BsvFPbkx4XioqCrJZREOTd1Enc7jUrM725', 'v': '5.131'}
                        
2023-01-27 23:14:29,558 INFO 
                        Date and time: 2023-01-27 23.14
                        Method: https://api.vk.com/method/photos.get
                        Status_code: 200
                        Params: {'owner_id': 341611479, 'album_id': 'profile', 'extended': 1, 'count': 15, 'access_token': 'vk1.a.tcXKsRbnqpD911HXInKOED4pegjfX23-6KHi4Qj7UcID8nR48UoKtn4zwf99yIjPod1LCgRSIV5NVP5bsu_lm1izAB0qfQ4tpeeMALpmWaIW-Wd57I9tTJccZPjzAivJ2ARIDl4tF1SS_vK4nnRqNvJoqrA537BsvFPbkx4XioqCrJZREOTd1Enc7jUrM725', 'v': '5.131'}
                        
2023-01-27 23:14:30,015 INFO 
                        Date and time: 2023-01-27 23.14
                        Method: https://api.vk.com/method/photos.get
                        Status_code: 200
                        Params: {'owner_id': 342421463, 'album_id': 'profile', 'extended': 1, 'count': 15, 'access_token': 'vk1.a.tcXKsRbnqpD911HXInKOED4pegjfX23-6KHi4Qj7UcID8nR48UoKtn4zwf99yIjPod1LCgRSIV5NVP5bsu_lm1izAB0qfQ4tpeeMALpmWaIW-Wd57I9tTJccZPjzAivJ2ARIDl4tF1SS_vK4nnRqNvJoqrA537BsvFPbkx4XioqCrJZREOTd1Enc7jUrM725', 'v': '5.131'}
                        
2023-01-27 23:14:30,505 INFO 
                        Date and time: 2023-01-27 23.14
                        Method: https://api.vk.com/method/photos.get
                        Status_code: 200
                        Params: {'owner_id': 359825176, 'album_id': 'profile', 'extended': 1, 'count': 15, 'access_token': 'vk1.a.tcXKsRbnqpD911HXInKOED4pegjfX23-6KHi4Qj7UcID8nR48UoKtn4zwf99yIjPod1LCgRSIV5NVP5bsu_lm1izAB0qfQ4tpeeMALpmWaIW-Wd57I9tTJccZPjzAivJ2ARIDl4tF1SS_vK4nnRqNvJoqrA537BsvFPbkx4XioqCrJZREOTd1Enc7jUrM725', 'v': '5.131'}
                        
2023-01-27 23:14:30,924 INFO 
                        Date and time: 2023-01-27 23.14
                        Method: https://api.vk.com/method/photos.get
                        Status_code: 200
                        Params: {'owner_id': 583650307, 'album_id': 'profile', 'extended': 1, 'count': 15, 'access_token': 'vk1.a.tcXKsRbnqpD911HXInKOED4pegjfX23-6KHi4Qj7UcID8nR48UoKtn4zwf99yIjPod1LCgRSIV5NVP5bsu_lm1izAB0qfQ4tpeeMALpmWaIW-Wd57I9tTJccZPjzAivJ2ARIDl4tF1SS_vK4nnRqNvJoqrA537BsvFPbkx4XioqCrJZREOTd1Enc7jUrM725', 'v': '5.131'}
                        
2023-01-27 23:14:31,388 INFO 
                        Date and time: 2023-01-27 23.14
                        Method: https://api.vk.com/method/photos.get
                        Status_code: 200
                        Params: {'owner_id': 348725338, 'album_id': 'profile', 'extended': 1, 'count': 15, 'access_token': 'vk1.a.tcXKsRbnqpD911HXInKOED4pegjfX23-6KHi4Qj7UcID8nR48UoKtn4zwf99yIjPod1LCgRSIV5NVP5bsu_lm1izAB0qfQ4tpeeMALpmWaIW-Wd57I9tTJccZPjzAivJ2ARIDl4tF1SS_vK4nnRqNvJoqrA537BsvFPbkx4XioqCrJZREOTd1Enc7jUrM725', 'v': '5.131'}
                        
2023-01-27 23:14:31,872 INFO 
                        Date and time: 2023-01-27 23.14
                        Method: https://api.vk.com/method/photos.get
                        Status_code: 200
                        Params: {'owner_id': 630896448, 'album_id': 'profile', 'extended': 1, 'count': 15, 'access_token': 'vk1.a.tcXKsRbnqpD911HXInKOED4pegjfX23-6KHi4Qj7UcID8nR48UoKtn4zwf99yIjPod1LCgRSIV5NVP5bsu_lm1izAB0qfQ4tpeeMALpmWaIW-Wd57I9tTJccZPjzAivJ2ARIDl4tF1SS_vK4nnRqNvJoqrA537BsvFPbkx4XioqCrJZREOTd1Enc7jUrM725', 'v': '5.131'}
                        
