2023-01-23 11:35:06,613 INFO 
                             Date and time: 2023-01-23 11.35
                             Method: https://api.vk.com//method/users.get
                             Status_code: 200
                             Params: {'user_id': 1, 'fields': 'sex,city,bdate', 'access_token': 'vk1.a.elj8wazkiAztlCduOpYPveWoeNVOt5kuWkhmtnjOTseE2VSGXmHoSPlIzbsCn84yBvAeA6YbA9E2ZSUhmyE6tyKMtYB7R3s0OXQRLStQ854ua8LT-8_oYiAEixWPlgkiGBfNdCWGuSoXhHyP5xkHhSQekLSjC4VmFXWhj6PyB0-Qq5SNtclvdgco0AtzU5-Y3Y7Y_2X7WWOk28Ws80Lmow', 'v': '5.131'}
                             
2023-01-23 11:35:06,966 INFO 
                             Date and time: 2023-01-23 11.35
                             Method: https://api.vk.com//method/users.search
                             Status_code: 200
                             Params: {'count': 15, 'fields': 'city,bdate,sex,counters', 'city': 2, 'sex': 1, 'age_from': 34, 'age_to': 44, 'status': '6', 'access_token': 'vk1.a.elj8wazkiAztlCduOpYPveWoeNVOt5kuWkhmtnjOTseE2VSGXmHoSPlIzbsCn84yBvAeA6YbA9E2ZSUhmyE6tyKMtYB7R3s0OXQRLStQ854ua8LT-8_oYiAEixWPlgkiGBfNdCWGuSoXhHyP5xkHhSQekLSjC4VmFXWhj6PyB0-Qq5SNtclvdgco0AtzU5-Y3Y7Y_2X7WWOk28Ws80Lmow', 'v': '5.131'}
                             
2023-01-23 11:35:07,259 INFO 
                             Date and time: 2023-01-23 11.35
                             Method: https://api.vk.com//method/photos.get
                             Status_code: 200
                             Params: {'owner_id': 485536749, 'album_id': 'profile', 'extended': 1, 'count': 15, 'access_token': 'vk1.a.elj8wazkiAztlCduOpYPveWoeNVOt5kuWkhmtnjOTseE2VSGXmHoSPlIzbsCn84yBvAeA6YbA9E2ZSUhmyE6tyKMtYB7R3s0OXQRLStQ854ua8LT-8_oYiAEixWPlgkiGBfNdCWGuSoXhHyP5xkHhSQekLSjC4VmFXWhj6PyB0-Qq5SNtclvdgco0AtzU5-Y3Y7Y_2X7WWOk28Ws80Lmow', 'v': '5.131'}
                             
2023-01-23 11:35:07,709 INFO 
                             Date and time: 2023-01-23 11.35
                             Method: https://api.vk.com//method/photos.get
                             Status_code: 200
                             Params: {'owner_id': 439638699, 'album_id': 'profile', 'extended': 1, 'count': 15, 'access_token': 'vk1.a.elj8wazkiAztlCduOpYPveWoeNVOt5kuWkhmtnjOTseE2VSGXmHoSPlIzbsCn84yBvAeA6YbA9E2ZSUhmyE6tyKMtYB7R3s0OXQRLStQ854ua8LT-8_oYiAEixWPlgkiGBfNdCWGuSoXhHyP5xkHhSQekLSjC4VmFXWhj6PyB0-Qq5SNtclvdgco0AtzU5-Y3Y7Y_2X7WWOk28Ws80Lmow', 'v': '5.131'}
                             
2023-01-23 11:35:08,131 INFO 
                             Date and time: 2023-01-23 11.35
                             Method: https://api.vk.com//method/photos.get
                             Status_code: 200
                             Params: {'owner_id': 12513137, 'album_id': 'profile', 'extended': 1, 'count': 15, 'access_token': 'vk1.a.elj8wazkiAztlCduOpYPveWoeNVOt5kuWkhmtnjOTseE2VSGXmHoSPlIzbsCn84yBvAeA6YbA9E2ZSUhmyE6tyKMtYB7R3s0OXQRLStQ854ua8LT-8_oYiAEixWPlgkiGBfNdCWGuSoXhHyP5xkHhSQekLSjC4VmFXWhj6PyB0-Qq5SNtclvdgco0AtzU5-Y3Y7Y_2X7WWOk28Ws80Lmow', 'v': '5.131'}
                             
